<?xml version="1.0" encoding="UTF-8"?>
<TestRun id="4eddbbca-cffb-4c7a-be36-694be258c470" name="Steven.Suing@L00536 2011-02-28 14:56:43" runUser="APPLIEDIS\Steven.Suing" xmlns="http://microsoft.com/schemas/VisualStudio/TeamTest/2010">
  <TestSettings name="Local" id="5f54e2a6-a299-441a-a516-ceb675508073">
    <Description>These are default test settings for a local test run.</Description>
    <Deployment enabled="false" runDeploymentRoot="Steven.Suing_L00536 2011-02-28 14_56_43">
      <DeploymentItem filename="C:\TFS\SDC\MSI\Product Lines\Policy\Geico.Msi.PolicySystem.Cycle.PolicyServices\Dev\Tatooine\packages\structuremap.2.6.1.0\automocking\StructureMap.AutoMocking.dll" />
      <DeploymentItem filename="C:\Users\steven.suing\Documents\Visual Studio 2010\Projects\Movies\lib\Microsoft.Net.Http.dll" />
      <DeploymentItem filename="C:\Users\steven.suing\Documents\Visual Studio 2010\Projects\Movies\packages\structuremap.2.6.1.0\lib\StructureMap.dll" />
      <DeploymentItem filename="C:\Users\steven.suing\Documents\Visual Studio 2010\Projects\Movies\packages\Moq.4.0.0.0\lib\Moq.dll" />
      <DeploymentItem filename="C:\Users\steven.suing\Documents\Visual Studio 2010\Projects\Movies\Movies.Business\bin\Debug\Movies.Business.dll" />
      <DeploymentItem filename="C:\Users\steven.suing\Documents\Visual Studio 2010\Projects\Movies\lib\Microsoft.Http.Extensions.dll" />
      <DeploymentItem filename="C:\Users\steven.suing\Documents\Visual Studio 2010\Projects\Movies\Movies.Data\bin\Debug\Movies.Data.dll" />
      <DeploymentItem filename="C:\Users\steven.suing\Documents\Visual Studio 2010\Projects\Movies\packages\FluentValidation.2.0.0.0\lib\NET35\FluentValidation.dll" />
      <DeploymentItem filename="C:\Users\steven.suing\Documents\Visual Studio 2010\Projects\Movies\Movies.Service\bin\Movies.Service.dll" />
      <DeploymentItem filename="C:\Users\steven.suing\Documents\Visual Studio 2010\Projects\Movies\Movies\bin\Movies.dll" />
      <DeploymentItem filename="C:\Users\steven.suing\Documents\Visual Studio 2010\Projects\Movies\packages\FluentAssertions.1.3.0.1\lib\FluentAssertions.dll" />
    </Deployment>
    <Execution>
      <TestTypeSpecific />
      <AgentRule name="Execution Agents">
      </AgentRule>
    </Execution>
  </TestSettings>
  <Times creation="2011-02-28T14:56:43.9050882-05:00" queuing="2011-02-28T14:56:50.2894533-05:00" start="2011-02-28T14:56:50.7274784-05:00" finish="2011-02-28T14:59:16.8758376-05:00" />
  <ResultSummary outcome="Error">
    <Counters total="1" executed="1" error="0" failed="0" timeout="0" aborted="1" inconclusive="0" passedButRunAborted="0" notRunnable="0" notExecuted="0" disconnected="0" warning="0" passed="0" completed="0" inProgress="0" pending="0" />
    <RunInfos>
      <RunInfo computerName="L00536" outcome="Error" timestamp="2011-02-28T14:59:16.8748375-05:00">
        <Text>Test host process exited unexpectedly.</Text>
      </RunInfo>
    </RunInfos>
  </ResultSummary>
  <TestDefinitions>
    <UnitTest name="GetMovieTest" storage="c:\users\steven.suing\documents\visual studio 2010\projects\movies\movies.test\bin\debug\movies.test.dll" id="5bbae043-482d-d28b-9bc6-8146bb49c9fa">
      <Execution id="33ff8309-5956-4da7-bb28-4397906ed00f" />
      <TestMethod codeBase="C:/Users/steven.suing/Documents/Visual Studio 2010/Projects/Movies/Movies.Test/bin/Debug/Movies.Test.DLL" adapterTypeName="Microsoft.VisualStudio.TestTools.TestTypes.Unit.UnitTestAdapter, Microsoft.VisualStudio.QualityTools.Tips.UnitTest.Adapter, Version=10.0.0.0, Culture=neutral, PublicKeyToken=b03f5f7f11d50a3a" className="Movies.Business.Test.IMovieAgentTest, Movies.Test, Version=1.0.0.0, Culture=neutral, PublicKeyToken=null" name="GetMovieTest" />
    </UnitTest>
  </TestDefinitions>
  <TestLists>
    <TestList name="Results Not in a List" id="8c84fa94-04c1-424b-9868-57a2d4851a1d" />
    <TestList name="All Loaded Results" id="19431567-8539-422a-85d7-44ee4e166bda" />
  </TestLists>
  <TestEntries>
    <TestEntry testId="5bbae043-482d-d28b-9bc6-8146bb49c9fa" executionId="33ff8309-5956-4da7-bb28-4397906ed00f" testListId="8c84fa94-04c1-424b-9868-57a2d4851a1d" />
  </TestEntries>
  <Results>
    <UnitTestResult executionId="33ff8309-5956-4da7-bb28-4397906ed00f" testId="5bbae043-482d-d28b-9bc6-8146bb49c9fa" testName="GetMovieTest" computerName="L00536" duration="00:02:25.7903387" startTime="2011-02-28T14:56:51.0854989-05:00" endTime="2011-02-28T14:59:16.8758376-05:00" testType="13cdc9d9-ddb5-4fa4-a97d-d965ccfc6d4b" outcome="Aborted" testListId="8c84fa94-04c1-424b-9868-57a2d4851a1d" relativeResultsDirectory="33ff8309-5956-4da7-bb28-4397906ed00f">
    </UnitTestResult>
  </Results>
</TestRun>