<?xml version="1.0" encoding="UTF-8"?>
<TestRun id="2ebfa2ec-7c36-4d7d-80ce-f48c7b5e1fa3" name="Steven.Suing@L00536 2011-02-28 14:52:24" runUser="APPLIEDIS\Steven.Suing" xmlns="http://microsoft.com/schemas/VisualStudio/TeamTest/2010">
  <TestSettings name="Local" id="5f54e2a6-a299-441a-a516-ceb675508073">
    <Description>These are default test settings for a local test run.</Description>
    <Deployment userDeploymentRoot="C:\Users\steven.suing\Documents\Visual Studio 2010\Projects\Movies\TestResults" useDefaultDeploymentRoot="false" enabled="false" runDeploymentRoot="Steven.Suing_L00536 2011-02-28 14_52_24">
      <DeploymentItem filename="C:\TFS\SDC\MSI\Product Lines\Policy\Geico.Msi.PolicySystem.Cycle.PolicyServices\Dev\Tatooine\packages\structuremap.2.6.1.0\automocking\StructureMap.AutoMocking.dll" />
      <DeploymentItem filename="C:\Users\steven.suing\Documents\Visual Studio 2010\Projects\Movies\lib\Microsoft.Net.Http.dll" />
      <DeploymentItem filename="C:\Users\steven.suing\Documents\Visual Studio 2010\Projects\Movies\packages\structuremap.2.6.1.0\lib\StructureMap.dll" />
      <DeploymentItem filename="C:\Users\steven.suing\Documents\Visual Studio 2010\Projects\Movies\packages\Moq.4.0.0.0\lib\Moq.dll" />
      <DeploymentItem filename="C:\Users\steven.suing\Documents\Visual Studio 2010\Projects\Movies\Movies.Business\bin\Debug\Movies.Business.dll" />
      <DeploymentItem filename="C:\Users\steven.suing\Documents\Visual Studio 2010\Projects\Movies\Movies.Data\bin\Debug\Movies.Data.dll" />
      <DeploymentItem filename="C:\Users\steven.suing\Documents\Visual Studio 2010\Projects\Movies\packages\FluentValidation.2.0.0.0\lib\NET35\FluentValidation.dll" />
      <DeploymentItem filename="C:\Users\steven.suing\Documents\Visual Studio 2010\Projects\Movies\lib\Microsoft.Http.Extensions.dll" />
      <DeploymentItem filename="C:\Users\steven.suing\Documents\Visual Studio 2010\Projects\Movies\Movies.Service\bin\Movies.Service.dll" />
      <DeploymentItem filename="C:\Users\steven.suing\Documents\Visual Studio 2010\Projects\Movies\Movies\bin\Movies.dll" />
      <DeploymentItem filename="C:\Users\steven.suing\Documents\Visual Studio 2010\Projects\Movies\packages\FluentAssertions.1.3.0.1\lib\FluentAssertions.dll" />
    </Deployment>
    <Execution>
      <TestTypeSpecific />
      <AgentRule name="Execution Agents">
      </AgentRule>
    </Execution>
  </TestSettings>
  <Times creation="2011-02-28T14:52:24.6812614-05:00" queuing="2011-02-28T14:52:24.6842616-05:00" start="2011-02-28T14:52:24.7672663-05:00" finish="2011-02-28T14:52:25.3202980-05:00" />
  <ResultSummary outcome="Failed">
    <Counters total="2" executed="2" error="0" failed="2" timeout="0" aborted="0" inconclusive="0" passedButRunAborted="0" notRunnable="0" notExecuted="0" disconnected="0" warning="0" passed="0" completed="0" inProgress="0" pending="0" />
  </ResultSummary>
  <TestDefinitions>
    <UnitTest name="GetMovieTest" storage="c:\users\steven.suing\documents\visual studio 2010\projects\movies\movies.test\bin\debug\movies.test.dll" id="5bbae043-482d-d28b-9bc6-8146bb49c9fa">
      <Execution id="dcee150d-c0fa-4435-9903-b154c53709f1" />
      <TestMethod codeBase="C:/Users/steven.suing/Documents/Visual Studio 2010/Projects/Movies/Movies.Test/bin/Debug/Movies.Test.DLL" adapterTypeName="Microsoft.VisualStudio.TestTools.TestTypes.Unit.UnitTestAdapter, Microsoft.VisualStudio.QualityTools.Tips.UnitTest.Adapter, Version=10.0.0.0, Culture=neutral, PublicKeyToken=b03f5f7f11d50a3a" className="Movies.Business.Test.IMovieAgentTest, Movies.Test, Version=1.0.0.0, Culture=neutral, PublicKeyToken=null" name="GetMovieTest" />
    </UnitTest>
    <UnitTest name="SaveMovieTest" storage="c:\users\steven.suing\documents\visual studio 2010\projects\movies\movies.test\bin\debug\movies.test.dll" id="ec0008f7-4ea6-7a5f-7674-17d776b8babb">
      <Execution id="b81bcf9f-3aa1-4173-b9c8-21ddf0bf3d95" />
      <TestMethod codeBase="C:/Users/steven.suing/Documents/Visual Studio 2010/Projects/Movies/Movies.Test/bin/Debug/Movies.Test.DLL" adapterTypeName="Microsoft.VisualStudio.TestTools.TestTypes.Unit.UnitTestAdapter, Microsoft.VisualStudio.QualityTools.Tips.UnitTest.Adapter, Version=10.0.0.0, Culture=neutral, PublicKeyToken=b03f5f7f11d50a3a" className="Movies.Business.Test.IMovieAgentTest, Movies.Test, Version=1.0.0.0, Culture=neutral, PublicKeyToken=null" name="SaveMovieTest" />
    </UnitTest>
  </TestDefinitions>
  <TestLists>
    <TestList name="Results Not in a List" id="8c84fa94-04c1-424b-9868-57a2d4851a1d" />
    <TestList name="All Loaded Results" id="19431567-8539-422a-85d7-44ee4e166bda" />
  </TestLists>
  <TestEntries>
    <TestEntry testId="5bbae043-482d-d28b-9bc6-8146bb49c9fa" executionId="dcee150d-c0fa-4435-9903-b154c53709f1" testListId="8c84fa94-04c1-424b-9868-57a2d4851a1d" />
    <TestEntry testId="ec0008f7-4ea6-7a5f-7674-17d776b8babb" executionId="b81bcf9f-3aa1-4173-b9c8-21ddf0bf3d95" testListId="8c84fa94-04c1-424b-9868-57a2d4851a1d" />
  </TestEntries>
  <Results>
    <UnitTestResult executionId="dcee150d-c0fa-4435-9903-b154c53709f1" testId="5bbae043-482d-d28b-9bc6-8146bb49c9fa" testName="GetMovieTest" computerName="L00536" duration="00:00:00.0978857" startTime="2011-02-28T14:52:24.8182692-05:00" endTime="2011-02-28T14:52:25.1642890-05:00" testType="13cdc9d9-ddb5-4fa4-a97d-d965ccfc6d4b" outcome="Failed" testListId="8c84fa94-04c1-424b-9868-57a2d4851a1d" relativeResultsDirectory="dcee150d-c0fa-4435-9903-b154c53709f1">
      <Output>
        <ErrorInfo>
          <Message>Expected the exact same objects.</Message>
          <StackTrace>   at FluentAssertions.Frameworks.LateBoundTestFramework.Throw(String message)
   at FluentAssertions.Verification.Fail(String format, Object expected, Object actual, String reason, Object[] reasonParameters, Object[] args)
   at FluentAssertions.Verification.Verify(Func`1 condition, String failureMessage, Object expected, Object actual, String reason, Object[] reasonParameters)
   at FluentAssertions.ObjectAssertions.BeSameAs(Object expected, String reason, Object[] reasonParameters)
   at FluentAssertions.ObjectAssertions.BeSameAs(Object expected)
   at Movies.Business.Test.IMovieAgentTest.GetMovieTest() in C:\Users\steven.suing\Documents\Visual Studio 2010\Projects\Movies\Movies.Test\Business\IMovieAgentTest.cs:line 92
</StackTrace>
        </ErrorInfo>
      </Output>
    </UnitTestResult>
    <UnitTestResult executionId="b81bcf9f-3aa1-4173-b9c8-21ddf0bf3d95" testId="ec0008f7-4ea6-7a5f-7674-17d776b8babb" testName="SaveMovieTest" computerName="L00536" duration="00:00:00.0133835" startTime="2011-02-28T14:52:25.1852902-05:00" endTime="2011-02-28T14:52:25.2142919-05:00" testType="13cdc9d9-ddb5-4fa4-a97d-d965ccfc6d4b" outcome="Failed" testListId="8c84fa94-04c1-424b-9868-57a2d4851a1d" relativeResultsDirectory="b81bcf9f-3aa1-4173-b9c8-21ddf0bf3d95">
      <Output>
        <ErrorInfo>
          <Message>Test method Movies.Business.Test.IMovieAgentTest.SaveMovieTest threw exception: 
System.NotImplementedException: The method or operation is not implemented.</Message>
          <StackTrace>    at Movies.Business.Proxy.MovieAgent.SaveMovie(Movie movie) in C:\Users\steven.suing\Documents\Visual Studio 2010\Projects\Movies\Movies.Business\Proxy\MoviesAgent.cs:line 28
   at Movies.Business.Test.IMovieAgentTest.SaveMovieTest() in C:\Users\steven.suing\Documents\Visual Studio 2010\Projects\Movies\Movies.Test\Business\IMovieAgentTest.cs:line 106
</StackTrace>
        </ErrorInfo>
      </Output>
    </UnitTestResult>
  </Results>
</TestRun>