<?xml version="1.0" encoding="UTF-8"?>
<TestRun id="19c54575-511e-4ab5-bc2c-69581e382234" name="Steven.Suing@L00536 2011-02-28 15:00:59" runUser="APPLIEDIS\Steven.Suing" xmlns="http://microsoft.com/schemas/VisualStudio/TeamTest/2010">
  <TestSettings name="Local" id="5f54e2a6-a299-441a-a516-ceb675508073">
    <Description>These are default test settings for a local test run.</Description>
    <Deployment enabled="false" runDeploymentRoot="Steven.Suing_L00536 2011-02-28 15_00_59">
      <DeploymentItem filename="C:\TFS\SDC\MSI\Product Lines\Policy\Geico.Msi.PolicySystem.Cycle.PolicyServices\Dev\Tatooine\packages\structuremap.2.6.1.0\automocking\StructureMap.AutoMocking.dll" />
      <DeploymentItem filename="C:\Users\steven.suing\Documents\Visual Studio 2010\Projects\Movies\lib\Microsoft.Net.Http.dll" />
      <DeploymentItem filename="C:\Users\steven.suing\Documents\Visual Studio 2010\Projects\Movies\packages\structuremap.2.6.1.0\lib\StructureMap.dll" />
      <DeploymentItem filename="C:\Users\steven.suing\Documents\Visual Studio 2010\Projects\Movies\packages\Moq.4.0.0.0\lib\Moq.dll" />
      <DeploymentItem filename="C:\Users\steven.suing\Documents\Visual Studio 2010\Projects\Movies\Movies.Business\bin\Debug\Movies.Business.dll" />
      <DeploymentItem filename="C:\Users\steven.suing\Documents\Visual Studio 2010\Projects\Movies\lib\Microsoft.Http.Extensions.dll" />
      <DeploymentItem filename="C:\Users\steven.suing\Documents\Visual Studio 2010\Projects\Movies\Movies.Data\bin\Debug\Movies.Data.dll" />
      <DeploymentItem filename="C:\Users\steven.suing\Documents\Visual Studio 2010\Projects\Movies\packages\FluentValidation.2.0.0.0\lib\NET35\FluentValidation.dll" />
      <DeploymentItem filename="C:\Users\steven.suing\Documents\Visual Studio 2010\Projects\Movies\Movies.Service\bin\Movies.Service.dll" />
      <DeploymentItem filename="C:\Users\steven.suing\Documents\Visual Studio 2010\Projects\Movies\Movies\bin\Movies.dll" />
      <DeploymentItem filename="C:\Users\steven.suing\Documents\Visual Studio 2010\Projects\Movies\packages\FluentAssertions.1.3.0.1\lib\FluentAssertions.dll" />
    </Deployment>
    <Execution>
      <TestTypeSpecific />
      <AgentRule name="Execution Agents">
      </AgentRule>
    </Execution>
  </TestSettings>
  <Times creation="2011-02-28T15:00:59.5737116-05:00" queuing="2011-02-28T15:00:59.8347265-05:00" start="2011-02-28T15:00:59.9207314-05:00" finish="2011-02-28T15:01:00.5557677-05:00" />
  <ResultSummary outcome="Failed">
    <Counters total="1" executed="1" error="0" failed="1" timeout="0" aborted="0" inconclusive="0" passedButRunAborted="0" notRunnable="0" notExecuted="0" disconnected="0" warning="0" passed="0" completed="0" inProgress="0" pending="0" />
  </ResultSummary>
  <TestDefinitions>
    <UnitTest name="SaveMovieTest" storage="c:\users\steven.suing\documents\visual studio 2010\projects\movies\movies.test\bin\debug\movies.test.dll" id="ec0008f7-4ea6-7a5f-7674-17d776b8babb">
      <Execution id="70852ef0-3f6b-4b7b-a4e0-49efc6a7c250" />
      <TestMethod codeBase="C:/Users/steven.suing/Documents/Visual Studio 2010/Projects/Movies/Movies.Test/bin/Debug/Movies.Test.DLL" adapterTypeName="Microsoft.VisualStudio.TestTools.TestTypes.Unit.UnitTestAdapter, Microsoft.VisualStudio.QualityTools.Tips.UnitTest.Adapter, Version=10.0.0.0, Culture=neutral, PublicKeyToken=b03f5f7f11d50a3a" className="Movies.Business.Test.IMovieAgentTest, Movies.Test, Version=1.0.0.0, Culture=neutral, PublicKeyToken=null" name="SaveMovieTest" />
    </UnitTest>
  </TestDefinitions>
  <TestLists>
    <TestList name="Results Not in a List" id="8c84fa94-04c1-424b-9868-57a2d4851a1d" />
    <TestList name="All Loaded Results" id="19431567-8539-422a-85d7-44ee4e166bda" />
  </TestLists>
  <TestEntries>
    <TestEntry testId="ec0008f7-4ea6-7a5f-7674-17d776b8babb" executionId="70852ef0-3f6b-4b7b-a4e0-49efc6a7c250" testListId="8c84fa94-04c1-424b-9868-57a2d4851a1d" />
  </TestEntries>
  <Results>
    <UnitTestResult executionId="70852ef0-3f6b-4b7b-a4e0-49efc6a7c250" testId="ec0008f7-4ea6-7a5f-7674-17d776b8babb" testName="SaveMovieTest" computerName="L00536" duration="00:00:00.0811347" startTime="2011-02-28T15:00:59.9787347-05:00" endTime="2011-02-28T15:01:00.4337608-05:00" testType="13cdc9d9-ddb5-4fa4-a97d-d965ccfc6d4b" outcome="Failed" testListId="8c84fa94-04c1-424b-9868-57a2d4851a1d" relativeResultsDirectory="70852ef0-3f6b-4b7b-a4e0-49efc6a7c250">
      <Output>
        <ErrorInfo>
          <Message>Test method Movies.Business.Test.IMovieAgentTest.SaveMovieTest threw exception: 
System.NotImplementedException: The method or operation is not implemented.</Message>
          <StackTrace>    at Movies.Business.Proxy.MovieAgent.SaveMovie(Movie movie) in C:\Users\steven.suing\Documents\Visual Studio 2010\Projects\Movies\Movies.Business\Proxy\MoviesAgent.cs:line 28
   at Movies.Business.Test.IMovieAgentTest.SaveMovieTest() in C:\Users\steven.suing\Documents\Visual Studio 2010\Projects\Movies\Movies.Test\Business\IMovieAgentTest.cs:line 107
</StackTrace>
        </ErrorInfo>
      </Output>
    </UnitTestResult>
  </Results>
</TestRun>