<?xml version="1.0" encoding="UTF-8"?>
<TestRun id="a99eeec1-b2a3-43ee-95fc-678c54423bf2" name="Steven.Suing@L00536 2011-02-28 10:12:18" runUser="APPLIEDIS\Steven.Suing" xmlns="http://microsoft.com/schemas/VisualStudio/TeamTest/2010">
  <TestSettings name="Local" id="5f54e2a6-a299-441a-a516-ceb675508073">
    <Description>These are default test settings for a local test run.</Description>
    <Deployment enabled="false" runDeploymentRoot="Steven.Suing_L00536 2011-02-28 10_12_18">
      <DeploymentItem filename="C:\Users\steven.suing\Documents\Visual Studio 2010\Projects\Movies\lib\Microsoft.Http.Extensions.dll" />
      <DeploymentItem filename="C:\Users\steven.suing\Documents\Visual Studio 2010\Projects\Movies\Movies.Service\bin\Movies.Service.dll" />
      <DeploymentItem filename="C:\Users\steven.suing\Documents\Visual Studio 2010\Projects\Movies\Movies.Business\bin\Debug\Movies.Business.dll" />
      <DeploymentItem filename="C:\Users\steven.suing\Documents\Visual Studio 2010\Projects\Movies\Movies.Data\bin\Debug\Movies.Data.dll" />
      <DeploymentItem filename="C:\Users\steven.suing\Documents\Visual Studio 2010\Projects\Movies\lib\Microsoft.Net.Http.dll" />
      <DeploymentItem filename="C:\Users\steven.suing\Documents\Visual Studio 2010\Projects\Movies\Movies\bin\Movies.dll" />
      <DeploymentItem filename="C:\Users\steven.suing\Documents\Visual Studio 2010\Projects\Movies\packages\FluentAssertions.1.3.0.1\lib\FluentAssertions.dll" />
      <DeploymentItem filename="C:\Users\steven.suing\Documents\Visual Studio 2010\Projects\Movies\packages\FluentValidation.2.0.0.0\lib\NET35\FluentValidation.dll" />
    </Deployment>
    <Execution>
      <TestTypeSpecific />
      <AgentRule name="Execution Agents">
      </AgentRule>
    </Execution>
  </TestSettings>
  <Times creation="2011-02-28T10:12:18.6520115-05:00" queuing="2011-02-28T10:12:18.9270272-05:00" start="2011-02-28T10:12:20.0160895-05:00" finish="2011-02-28T10:12:23.0992659-05:00" />
  <ResultSummary outcome="Completed">
    <Counters total="1" executed="1" passed="1" error="0" failed="0" timeout="0" aborted="0" inconclusive="0" passedButRunAborted="0" notRunnable="0" notExecuted="0" disconnected="0" warning="0" completed="0" inProgress="0" pending="0" />
  </ResultSummary>
  <TestDefinitions>
    <UnitTest name="ThrowIfStatusNotSuccessfulTest" storage="c:\users\steven.suing\documents\visual studio 2010\projects\movies\movies.test\bin\debug\movies.test.dll" id="fba307a1-c7ab-9c11-46f1-a02b349d2d7e">
      <Execution id="7e1274fa-39b2-46cd-9006-e1459e09e6d7" />
      <TestMethod codeBase="C:/Users/steven.suing/Documents/Visual Studio 2010/Projects/Movies/Movies.Test/bin/Debug/Movies.Test.DLL" adapterTypeName="Microsoft.VisualStudio.TestTools.TestTypes.Unit.UnitTestAdapter, Microsoft.VisualStudio.QualityTools.Tips.UnitTest.Adapter, Version=10.0.0.0, Culture=neutral, PublicKeyToken=b03f5f7f11d50a3a" className="Movies.Business.Test.HttpClientExtensionsTest, Movies.Test, Version=1.0.0.0, Culture=neutral, PublicKeyToken=null" name="ThrowIfStatusNotSuccessfulTest" />
    </UnitTest>
  </TestDefinitions>
  <TestLists>
    <TestList name="Results Not in a List" id="8c84fa94-04c1-424b-9868-57a2d4851a1d" />
    <TestList name="All Loaded Results" id="19431567-8539-422a-85d7-44ee4e166bda" />
  </TestLists>
  <TestEntries>
    <TestEntry testId="fba307a1-c7ab-9c11-46f1-a02b349d2d7e" executionId="7e1274fa-39b2-46cd-9006-e1459e09e6d7" testListId="8c84fa94-04c1-424b-9868-57a2d4851a1d" />
  </TestEntries>
  <Results>
    <UnitTestResult executionId="7e1274fa-39b2-46cd-9006-e1459e09e6d7" testId="fba307a1-c7ab-9c11-46f1-a02b349d2d7e" testName="ThrowIfStatusNotSuccessfulTest" computerName="L00536" duration="00:00:00.0940773" startTime="2011-02-28T10:12:20.2181011-05:00" endTime="2011-02-28T10:12:23.0322621-05:00" testType="13cdc9d9-ddb5-4fa4-a97d-d965ccfc6d4b" outcome="Passed" testListId="8c84fa94-04c1-424b-9868-57a2d4851a1d" relativeResultsDirectory="7e1274fa-39b2-46cd-9006-e1459e09e6d7">
    </UnitTestResult>
  </Results>
</TestRun>